<?xml version="1.0" encoding="UTF-8"?>
<!-- Generated by org.testng.reporters.JUnitReportReporter -->
<testsuite hostname="DESKTOP-S2A2NB5" failures="0" tests="1" name="ormworkshift.tests.DeleteWorkShiftTest" time="39.247" errors="0" timestamp="2024-03-21T17:17:45 IST" skipped="0">
  <testcase classname="ormworkshift.tests.DeleteWorkShiftTest" name="testDeleteWorkShift" time="39.247"/>
</testsuite> <!-- ormworkshift.tests.DeleteWorkShiftTest -->
