<?xml version="1.0" encoding="UTF-8"?>
<!-- Generated by org.testng.reporters.JUnitReportReporter -->
<testsuite hostname="DESKTOP-S2A2NB5" failures="0" tests="1" name="ormworkshift.tests.EditWorkShiftTest" time="30.142" errors="0" timestamp="2024-03-21T17:34:17 IST" skipped="0">
  <testcase classname="ormworkshift.tests.EditWorkShiftTest" name="testEditWorkShift" time="30.142"/>
</testsuite> <!-- ormworkshift.tests.EditWorkShiftTest -->
